
*** Running vivado
    with args -log zybo_z7_20_base_2022_2_processing_system7_0_0.vds -m64 -product Vivado -mode batch -messageDb vivado.pb -notrace -source zybo_z7_20_base_2022_2_processing_system7_0_0.tcl


****** Vivado v2022.2 (64-bit)
  **** SW Build 3671981 on Fri Oct 14 04:59:54 MDT 2022
  **** IP Build 3669848 on Fri Oct 14 08:30:02 MDT 2022
    ** Copyright 1986-2022 Xilinx, Inc. All Rights Reserved.

source zybo_z7_20_base_2022_2_processing_system7_0_0.tcl -notrace
create_project: Time (s): cpu = 00:00:05 ; elapsed = 00:00:05 . Memory (MB): peak = 1709.383 ; gain = 55.023 ; free physical = 1334 ; free virtual = 9814
Command: synth_design -top zybo_z7_20_base_2022_2_processing_system7_0_0 -part xc7z020clg400-1 -incremental_mode off -mode out_of_context
Starting synth_design
Attempting to get a license for feature 'Synthesis' and/or device 'xc7z020'
INFO: [Common 17-349] Got license for feature 'Synthesis' and/or device 'xc7z020'
INFO: [Device 21-403] Loading part xc7z020clg400-1
INFO: [Synth 8-7079] Multithreading enabled for synth_design using a maximum of 4 processes.
INFO: [Synth 8-7078] Launching helper process for spawning children vivado processes
INFO: [Synth 8-7075] Helper process launched with PID 98174
INFO: [Synth 8-11241] undeclared symbol 'REGCCE', assumed default net type 'wire' [/tools/Xilinx/Vivado/2022.2/data/verilog/src/unimacro/BRAM_SINGLE_MACRO.v:2170]
---------------------------------------------------------------------------------
Starting RTL Elaboration : Time (s): cpu = 00:00:04 ; elapsed = 00:00:06 . Memory (MB): peak = 2456.340 ; gain = 371.738 ; free physical = 172 ; free virtual = 8295
Synthesis current peak Physical Memory [PSS] (MB): peak = 1785.612; parent = 1613.116; children = 172.496
Synthesis current peak Virtual Memory [VSS] (MB): peak = 3434.777; parent = 2459.312; children = 975.465
---------------------------------------------------------------------------------
INFO: [Synth 8-6157] synthesizing module 'zybo_z7_20_base_2022_2_processing_system7_0_0' [/home/jwrr/vitis/fpga-xilinx-vitis-2022.2-zybo_z7_20/zybo_z7_20/hardware/zybo_z7_20_2022_2-vivado/zybo_z7_20_2022_2-vivado.gen/sources_1/bd/zybo_z7_20_base_2022_2/ip/zybo_z7_20_base_2022_2_processing_system7_0_0/synth/zybo_z7_20_base_2022_2_processing_system7_0_0.v:53]
INFO: [Synth 8-6157] synthesizing module 'processing_system7_v5_5_processing_system7' [/home/jwrr/vitis/fpga-xilinx-vitis-2022.2-zybo_z7_20/zybo_z7_20/hardware/zybo_z7_20_2022_2-vivado/zybo_z7_20_2022_2-vivado.gen/sources_1/bd/zybo_z7_20_base_2022_2/ip/zybo_z7_20_base_2022_2_processing_system7_0_0/hdl/verilog/processing_system7_v5_5_processing_system7.v:152]
INFO: [Synth 8-6157] synthesizing module 'BUFG' [/tools/Xilinx/Vivado/2022.2/scripts/rt/data/unisim_comp.v:1082]
INFO: [Synth 8-6155] done synthesizing module 'BUFG' (0#1) [/tools/Xilinx/Vivado/2022.2/scripts/rt/data/unisim_comp.v:1082]
INFO: [Synth 8-6157] synthesizing module 'BIBUF' [/tools/Xilinx/Vivado/2022.2/scripts/rt/data/unisim_comp.v:729]
INFO: [Synth 8-6155] done synthesizing module 'BIBUF' (0#1) [/tools/Xilinx/Vivado/2022.2/scripts/rt/data/unisim_comp.v:729]
INFO: [Synth 8-6157] synthesizing module 'PS7' [/tools/Xilinx/Vivado/2022.2/scripts/rt/data/unisim_comp.v:109424]
INFO: [Synth 8-6155] done synthesizing module 'PS7' (0#1) [/tools/Xilinx/Vivado/2022.2/scripts/rt/data/unisim_comp.v:109424]
INFO: [Synth 8-6155] done synthesizing module 'processing_system7_v5_5_processing_system7' (0#1) [/home/jwrr/vitis/fpga-xilinx-vitis-2022.2-zybo_z7_20/zybo_z7_20/hardware/zybo_z7_20_2022_2-vivado/zybo_z7_20_2022_2-vivado.gen/sources_1/bd/zybo_z7_20_base_2022_2/ip/zybo_z7_20_base_2022_2_processing_system7_0_0/hdl/verilog/processing_system7_v5_5_processing_system7.v:152]
WARNING: [Synth 8-7071] port 'M_AXI_GP0_ARESETN' of module 'processing_system7_v5_5_processing_system7' is unconnected for instance 'inst' [/home/jwrr/vitis/fpga-xilinx-vitis-2022.2-zybo_z7_20/zybo_z7_20/hardware/zybo_z7_20_2022_2-vivado/zybo_z7_20_2022_2-vivado.gen/sources_1/bd/zybo_z7_20_base_2022_2/ip/zybo_z7_20_base_2022_2_processing_system7_0_0/synth/zybo_z7_20_base_2022_2_processing_system7_0_0.v:207]
WARNING: [Synth 8-7071] port 'M_AXI_GP1_ARESETN' of module 'processing_system7_v5_5_processing_system7' is unconnected for instance 'inst' [/home/jwrr/vitis/fpga-xilinx-vitis-2022.2-zybo_z7_20/zybo_z7_20/hardware/zybo_z7_20_2022_2-vivado/zybo_z7_20_2022_2-vivado.gen/sources_1/bd/zybo_z7_20_base_2022_2/ip/zybo_z7_20_base_2022_2_processing_system7_0_0/synth/zybo_z7_20_base_2022_2_processing_system7_0_0.v:207]
WARNING: [Synth 8-7071] port 'S_AXI_GP0_ARESETN' of module 'processing_system7_v5_5_processing_system7' is unconnected for instance 'inst' [/home/jwrr/vitis/fpga-xilinx-vitis-2022.2-zybo_z7_20/zybo_z7_20/hardware/zybo_z7_20_2022_2-vivado/zybo_z7_20_2022_2-vivado.gen/sources_1/bd/zybo_z7_20_base_2022_2/ip/zybo_z7_20_base_2022_2_processing_system7_0_0/synth/zybo_z7_20_base_2022_2_processing_system7_0_0.v:207]
WARNING: [Synth 8-7071] port 'S_AXI_GP1_ARESETN' of module 'processing_system7_v5_5_processing_system7' is unconnected for instance 'inst' [/home/jwrr/vitis/fpga-xilinx-vitis-2022.2-zybo_z7_20/zybo_z7_20/hardware/zybo_z7_20_2022_2-vivado/zybo_z7_20_2022_2-vivado.gen/sources_1/bd/zybo_z7_20_base_2022_2/ip/zybo_z7_20_base_2022_2_processing_system7_0_0/synth/zybo_z7_20_base_2022_2_processing_system7_0_0.v:207]
WARNING: [Synth 8-7071] port 'S_AXI_ACP_ARESETN' of module 'processing_system7_v5_5_processing_system7' is unconnected for instance 'inst' [/home/jwrr/vitis/fpga-xilinx-vitis-2022.2-zybo_z7_20/zybo_z7_20/hardware/zybo_z7_20_2022_2-vivado/zybo_z7_20_2022_2-vivado.gen/sources_1/bd/zybo_z7_20_base_2022_2/ip/zybo_z7_20_base_2022_2_processing_system7_0_0/synth/zybo_z7_20_base_2022_2_processing_system7_0_0.v:207]
WARNING: [Synth 8-7071] port 'S_AXI_HP0_ARESETN' of module 'processing_system7_v5_5_processing_system7' is unconnected for instance 'inst' [/home/jwrr/vitis/fpga-xilinx-vitis-2022.2-zybo_z7_20/zybo_z7_20/hardware/zybo_z7_20_2022_2-vivado/zybo_z7_20_2022_2-vivado.gen/sources_1/bd/zybo_z7_20_base_2022_2/ip/zybo_z7_20_base_2022_2_processing_system7_0_0/synth/zybo_z7_20_base_2022_2_processing_system7_0_0.v:207]
WARNING: [Synth 8-7071] port 'S_AXI_HP1_ARESETN' of module 'processing_system7_v5_5_processing_system7' is unconnected for instance 'inst' [/home/jwrr/vitis/fpga-xilinx-vitis-2022.2-zybo_z7_20/zybo_z7_20/hardware/zybo_z7_20_2022_2-vivado/zybo_z7_20_2022_2-vivado.gen/sources_1/bd/zybo_z7_20_base_2022_2/ip/zybo_z7_20_base_2022_2_processing_system7_0_0/synth/zybo_z7_20_base_2022_2_processing_system7_0_0.v:207]
WARNING: [Synth 8-7071] port 'S_AXI_HP2_ARESETN' of module 'processing_system7_v5_5_processing_system7' is unconnected for instance 'inst' [/home/jwrr/vitis/fpga-xilinx-vitis-2022.2-zybo_z7_20/zybo_z7_20/hardware/zybo_z7_20_2022_2-vivado/zybo_z7_20_2022_2-vivado.gen/sources_1/bd/zybo_z7_20_base_2022_2/ip/zybo_z7_20_base_2022_2_processing_system7_0_0/synth/zybo_z7_20_base_2022_2_processing_system7_0_0.v:207]
WARNING: [Synth 8-7071] port 'S_AXI_HP3_ARESETN' of module 'processing_system7_v5_5_processing_system7' is unconnected for instance 'inst' [/home/jwrr/vitis/fpga-xilinx-vitis-2022.2-zybo_z7_20/zybo_z7_20/hardware/zybo_z7_20_2022_2-vivado/zybo_z7_20_2022_2-vivado.gen/sources_1/bd/zybo_z7_20_base_2022_2/ip/zybo_z7_20_base_2022_2_processing_system7_0_0/synth/zybo_z7_20_base_2022_2_processing_system7_0_0.v:207]
WARNING: [Synth 8-7071] port 'DMA0_RSTN' of module 'processing_system7_v5_5_processing_system7' is unconnected for instance 'inst' [/home/jwrr/vitis/fpga-xilinx-vitis-2022.2-zybo_z7_20/zybo_z7_20/hardware/zybo_z7_20_2022_2-vivado/zybo_z7_20_2022_2-vivado.gen/sources_1/bd/zybo_z7_20_base_2022_2/ip/zybo_z7_20_base_2022_2_processing_system7_0_0/synth/zybo_z7_20_base_2022_2_processing_system7_0_0.v:207]
WARNING: [Synth 8-7071] port 'DMA1_RSTN' of module 'processing_system7_v5_5_processing_system7' is unconnected for instance 'inst' [/home/jwrr/vitis/fpga-xilinx-vitis-2022.2-zybo_z7_20/zybo_z7_20/hardware/zybo_z7_20_2022_2-vivado/zybo_z7_20_2022_2-vivado.gen/sources_1/bd/zybo_z7_20_base_2022_2/ip/zybo_z7_20_base_2022_2_processing_system7_0_0/synth/zybo_z7_20_base_2022_2_processing_system7_0_0.v:207]
WARNING: [Synth 8-7071] port 'DMA2_RSTN' of module 'processing_system7_v5_5_processing_system7' is unconnected for instance 'inst' [/home/jwrr/vitis/fpga-xilinx-vitis-2022.2-zybo_z7_20/zybo_z7_20/hardware/zybo_z7_20_2022_2-vivado/zybo_z7_20_2022_2-vivado.gen/sources_1/bd/zybo_z7_20_base_2022_2/ip/zybo_z7_20_base_2022_2_processing_system7_0_0/synth/zybo_z7_20_base_2022_2_processing_system7_0_0.v:207]
WARNING: [Synth 8-7071] port 'DMA3_RSTN' of module 'processing_system7_v5_5_processing_system7' is unconnected for instance 'inst' [/home/jwrr/vitis/fpga-xilinx-vitis-2022.2-zybo_z7_20/zybo_z7_20/hardware/zybo_z7_20_2022_2-vivado/zybo_z7_20_2022_2-vivado.gen/sources_1/bd/zybo_z7_20_base_2022_2/ip/zybo_z7_20_base_2022_2_processing_system7_0_0/synth/zybo_z7_20_base_2022_2_processing_system7_0_0.v:207]
WARNING: [Synth 8-7023] instance 'inst' of module 'processing_system7_v5_5_processing_system7' has 685 connections declared, but only 672 given [/home/jwrr/vitis/fpga-xilinx-vitis-2022.2-zybo_z7_20/zybo_z7_20/hardware/zybo_z7_20_2022_2-vivado/zybo_z7_20_2022_2-vivado.gen/sources_1/bd/zybo_z7_20_base_2022_2/ip/zybo_z7_20_base_2022_2_processing_system7_0_0/synth/zybo_z7_20_base_2022_2_processing_system7_0_0.v:207]
INFO: [Synth 8-6155] done synthesizing module 'zybo_z7_20_base_2022_2_processing_system7_0_0' (0#1) [/home/jwrr/vitis/fpga-xilinx-vitis-2022.2-zybo_z7_20/zybo_z7_20/hardware/zybo_z7_20_2022_2-vivado/zybo_z7_20_2022_2-vivado.gen/sources_1/bd/zybo_z7_20_base_2022_2/ip/zybo_z7_20_base_2022_2_processing_system7_0_0/synth/zybo_z7_20_base_2022_2_processing_system7_0_0.v:53]
WARNING: [Synth 8-7129] Port ENET0_GMII_COL in module processing_system7_v5_5_processing_system7 is either unconnected or has no load
WARNING: [Synth 8-7129] Port ENET0_GMII_CRS in module processing_system7_v5_5_processing_system7 is either unconnected or has no load
WARNING: [Synth 8-7129] Port ENET0_GMII_RX_DV in module processing_system7_v5_5_processing_system7 is either unconnected or has no load
WARNING: [Synth 8-7129] Port ENET0_GMII_RX_ER in module processing_system7_v5_5_processing_system7 is either unconnected or has no load
WARNING: [Synth 8-7129] Port ENET0_GMII_RXD[7] in module processing_system7_v5_5_processing_system7 is either unconnected or has no load
WARNING: [Synth 8-7129] Port ENET0_GMII_RXD[6] in module processing_system7_v5_5_processing_system7 is either unconnected or has no load
WARNING: [Synth 8-7129] Port ENET0_GMII_RXD[5] in module processing_system7_v5_5_processing_system7 is either unconnected or has no load
WARNING: [Synth 8-7129] Port ENET0_GMII_RXD[4] in module processing_system7_v5_5_processing_system7 is either unconnected or has no load
WARNING: [Synth 8-7129] Port ENET0_GMII_RXD[3] in module processing_system7_v5_5_processing_system7 is either unconnected or has no load
WARNING: [Synth 8-7129] Port ENET0_GMII_RXD[2] in module processing_system7_v5_5_processing_system7 is either unconnected or has no load
WARNING: [Synth 8-7129] Port ENET0_GMII_RXD[1] in module processing_system7_v5_5_processing_system7 is either unconnected or has no load
WARNING: [Synth 8-7129] Port ENET0_GMII_RXD[0] in module processing_system7_v5_5_processing_system7 is either unconnected or has no load
WARNING: [Synth 8-7129] Port ENET1_GMII_COL in module processing_system7_v5_5_processing_system7 is either unconnected or has no load
WARNING: [Synth 8-7129] Port ENET1_GMII_CRS in module processing_system7_v5_5_processing_system7 is either unconnected or has no load
WARNING: [Synth 8-7129] Port ENET1_GMII_RX_DV in module processing_system7_v5_5_processing_system7 is either unconnected or has no load
WARNING: [Synth 8-7129] Port ENET1_GMII_RX_ER in module processing_system7_v5_5_processing_system7 is either unconnected or has no load
WARNING: [Synth 8-7129] Port ENET1_GMII_RXD[7] in module processing_system7_v5_5_processing_system7 is either unconnected or has no load
WARNING: [Synth 8-7129] Port ENET1_GMII_RXD[6] in module processing_system7_v5_5_processing_system7 is either unconnected or has no load
WARNING: [Synth 8-7129] Port ENET1_GMII_RXD[5] in module processing_system7_v5_5_processing_system7 is either unconnected or has no load
WARNING: [Synth 8-7129] Port ENET1_GMII_RXD[4] in module processing_system7_v5_5_processing_system7 is either unconnected or has no load
WARNING: [Synth 8-7129] Port ENET1_GMII_RXD[3] in module processing_system7_v5_5_processing_system7 is either unconnected or has no load
WARNING: [Synth 8-7129] Port ENET1_GMII_RXD[2] in module processing_system7_v5_5_processing_system7 is either unconnected or has no load
WARNING: [Synth 8-7129] Port ENET1_GMII_RXD[1] in module processing_system7_v5_5_processing_system7 is either unconnected or has no load
WARNING: [Synth 8-7129] Port ENET1_GMII_RXD[0] in module processing_system7_v5_5_processing_system7 is either unconnected or has no load
WARNING: [Synth 8-7129] Port S_AXI_GP0_ARSIZE[2] in module processing_system7_v5_5_processing_system7 is either unconnected or has no load
WARNING: [Synth 8-7129] Port S_AXI_GP0_AWSIZE[2] in module processing_system7_v5_5_processing_system7 is either unconnected or has no load
WARNING: [Synth 8-7129] Port S_AXI_GP1_ARSIZE[2] in module processing_system7_v5_5_processing_system7 is either unconnected or has no load
WARNING: [Synth 8-7129] Port S_AXI_GP1_AWSIZE[2] in module processing_system7_v5_5_processing_system7 is either unconnected or has no load
WARNING: [Synth 8-7129] Port S_AXI_ACP_ARSIZE[2] in module processing_system7_v5_5_processing_system7 is either unconnected or has no load
WARNING: [Synth 8-7129] Port S_AXI_ACP_AWSIZE[2] in module processing_system7_v5_5_processing_system7 is either unconnected or has no load
WARNING: [Synth 8-7129] Port S_AXI_HP0_ARSIZE[2] in module processing_system7_v5_5_processing_system7 is either unconnected or has no load
WARNING: [Synth 8-7129] Port S_AXI_HP0_AWSIZE[2] in module processing_system7_v5_5_processing_system7 is either unconnected or has no load
WARNING: [Synth 8-7129] Port S_AXI_HP1_ARSIZE[2] in module processing_system7_v5_5_processing_system7 is either unconnected or has no load
WARNING: [Synth 8-7129] Port S_AXI_HP1_AWSIZE[2] in module processing_system7_v5_5_processing_system7 is either unconnected or has no load
WARNING: [Synth 8-7129] Port S_AXI_HP2_ARSIZE[2] in module processing_system7_v5_5_processing_system7 is either unconnected or has no load
WARNING: [Synth 8-7129] Port S_AXI_HP2_AWSIZE[2] in module processing_system7_v5_5_processing_system7 is either unconnected or has no load
WARNING: [Synth 8-7129] Port S_AXI_HP3_ARSIZE[2] in module processing_system7_v5_5_processing_system7 is either unconnected or has no load
WARNING: [Synth 8-7129] Port S_AXI_HP3_AWSIZE[2] in module processing_system7_v5_5_processing_system7 is either unconnected or has no load
WARNING: [Synth 8-7129] Port FCLK_CLKTRIG3_N in module processing_system7_v5_5_processing_system7 is either unconnected or has no load
WARNING: [Synth 8-7129] Port FCLK_CLKTRIG2_N in module processing_system7_v5_5_processing_system7 is either unconnected or has no load
WARNING: [Synth 8-7129] Port FCLK_CLKTRIG1_N in module processing_system7_v5_5_processing_system7 is either unconnected or has no load
WARNING: [Synth 8-7129] Port FCLK_CLKTRIG0_N in module processing_system7_v5_5_processing_system7 is either unconnected or has no load
WARNING: [Synth 8-7129] Port FTMD_TRACEIN_DATA[31] in module processing_system7_v5_5_processing_system7 is either unconnected or has no load
WARNING: [Synth 8-7129] Port FTMD_TRACEIN_DATA[30] in module processing_system7_v5_5_processing_system7 is either unconnected or has no load
WARNING: [Synth 8-7129] Port FTMD_TRACEIN_DATA[29] in module processing_system7_v5_5_processing_system7 is either unconnected or has no load
WARNING: [Synth 8-7129] Port FTMD_TRACEIN_DATA[28] in module processing_system7_v5_5_processing_system7 is either unconnected or has no load
WARNING: [Synth 8-7129] Port FTMD_TRACEIN_DATA[27] in module processing_system7_v5_5_processing_system7 is either unconnected or has no load
WARNING: [Synth 8-7129] Port FTMD_TRACEIN_DATA[26] in module processing_system7_v5_5_processing_system7 is either unconnected or has no load
WARNING: [Synth 8-7129] Port FTMD_TRACEIN_DATA[25] in module processing_system7_v5_5_processing_system7 is either unconnected or has no load
WARNING: [Synth 8-7129] Port FTMD_TRACEIN_DATA[24] in module processing_system7_v5_5_processing_system7 is either unconnected or has no load
WARNING: [Synth 8-7129] Port FTMD_TRACEIN_DATA[23] in module processing_system7_v5_5_processing_system7 is either unconnected or has no load
WARNING: [Synth 8-7129] Port FTMD_TRACEIN_DATA[22] in module processing_system7_v5_5_processing_system7 is either unconnected or has no load
WARNING: [Synth 8-7129] Port FTMD_TRACEIN_DATA[21] in module processing_system7_v5_5_processing_system7 is either unconnected or has no load
WARNING: [Synth 8-7129] Port FTMD_TRACEIN_DATA[20] in module processing_system7_v5_5_processing_system7 is either unconnected or has no load
WARNING: [Synth 8-7129] Port FTMD_TRACEIN_DATA[19] in module processing_system7_v5_5_processing_system7 is either unconnected or has no load
WARNING: [Synth 8-7129] Port FTMD_TRACEIN_DATA[18] in module processing_system7_v5_5_processing_system7 is either unconnected or has no load
WARNING: [Synth 8-7129] Port FTMD_TRACEIN_DATA[17] in module processing_system7_v5_5_processing_system7 is either unconnected or has no load
WARNING: [Synth 8-7129] Port FTMD_TRACEIN_DATA[16] in module processing_system7_v5_5_processing_system7 is either unconnected or has no load
WARNING: [Synth 8-7129] Port FTMD_TRACEIN_DATA[15] in module processing_system7_v5_5_processing_system7 is either unconnected or has no load
WARNING: [Synth 8-7129] Port FTMD_TRACEIN_DATA[14] in module processing_system7_v5_5_processing_system7 is either unconnected or has no load
WARNING: [Synth 8-7129] Port FTMD_TRACEIN_DATA[13] in module processing_system7_v5_5_processing_system7 is either unconnected or has no load
WARNING: [Synth 8-7129] Port FTMD_TRACEIN_DATA[12] in module processing_system7_v5_5_processing_system7 is either unconnected or has no load
WARNING: [Synth 8-7129] Port FTMD_TRACEIN_DATA[11] in module processing_system7_v5_5_processing_system7 is either unconnected or has no load
WARNING: [Synth 8-7129] Port FTMD_TRACEIN_DATA[10] in module processing_system7_v5_5_processing_system7 is either unconnected or has no load
WARNING: [Synth 8-7129] Port FTMD_TRACEIN_DATA[9] in module processing_system7_v5_5_processing_system7 is either unconnected or has no load
WARNING: [Synth 8-7129] Port FTMD_TRACEIN_DATA[8] in module processing_system7_v5_5_processing_system7 is either unconnected or has no load
WARNING: [Synth 8-7129] Port FTMD_TRACEIN_DATA[7] in module processing_system7_v5_5_processing_system7 is either unconnected or has no load
WARNING: [Synth 8-7129] Port FTMD_TRACEIN_DATA[6] in module processing_system7_v5_5_processing_system7 is either unconnected or has no load
WARNING: [Synth 8-7129] Port FTMD_TRACEIN_DATA[5] in module processing_system7_v5_5_processing_system7 is either unconnected or has no load
WARNING: [Synth 8-7129] Port FTMD_TRACEIN_DATA[4] in module processing_system7_v5_5_processing_system7 is either unconnected or has no load
WARNING: [Synth 8-7129] Port FTMD_TRACEIN_DATA[3] in module processing_system7_v5_5_processing_system7 is either unconnected or has no load
WARNING: [Synth 8-7129] Port FTMD_TRACEIN_DATA[2] in module processing_system7_v5_5_processing_system7 is either unconnected or has no load
WARNING: [Synth 8-7129] Port FTMD_TRACEIN_DATA[1] in module processing_system7_v5_5_processing_system7 is either unconnected or has no load
WARNING: [Synth 8-7129] Port FTMD_TRACEIN_DATA[0] in module processing_system7_v5_5_processing_system7 is either unconnected or has no load
WARNING: [Synth 8-7129] Port FTMD_TRACEIN_VALID in module processing_system7_v5_5_processing_system7 is either unconnected or has no load
WARNING: [Synth 8-7129] Port FTMD_TRACEIN_ATID[3] in module processing_system7_v5_5_processing_system7 is either unconnected or has no load
WARNING: [Synth 8-7129] Port FTMD_TRACEIN_ATID[2] in module processing_system7_v5_5_processing_system7 is either unconnected or has no load
WARNING: [Synth 8-7129] Port FTMD_TRACEIN_ATID[1] in module processing_system7_v5_5_processing_system7 is either unconnected or has no load
WARNING: [Synth 8-7129] Port FTMD_TRACEIN_ATID[0] in module processing_system7_v5_5_processing_system7 is either unconnected or has no load
---------------------------------------------------------------------------------
Finished RTL Elaboration : Time (s): cpu = 00:00:06 ; elapsed = 00:00:08 . Memory (MB): peak = 2537.277 ; gain = 452.676 ; free physical = 472 ; free virtual = 8470
Synthesis current peak Physical Memory [PSS] (MB): peak = 1785.612; parent = 1613.116; children = 172.496
Synthesis current peak Virtual Memory [VSS] (MB): peak = 3512.746; parent = 2537.281; children = 975.465
---------------------------------------------------------------------------------
---------------------------------------------------------------------------------
Start Handling Custom Attributes
---------------------------------------------------------------------------------
---------------------------------------------------------------------------------
Finished Handling Custom Attributes : Time (s): cpu = 00:00:06 ; elapsed = 00:00:08 . Memory (MB): peak = 2552.121 ; gain = 467.520 ; free physical = 480 ; free virtual = 8478
Synthesis current peak Physical Memory [PSS] (MB): peak = 1785.612; parent = 1613.116; children = 172.496
Synthesis current peak Virtual Memory [VSS] (MB): peak = 3527.590; parent = 2552.125; children = 975.465
---------------------------------------------------------------------------------
---------------------------------------------------------------------------------
Finished RTL Optimization Phase 1 : Time (s): cpu = 00:00:06 ; elapsed = 00:00:08 . Memory (MB): peak = 2552.121 ; gain = 467.520 ; free physical = 480 ; free virtual = 8478
Synthesis current peak Physical Memory [PSS] (MB): peak = 1785.612; parent = 1613.116; children = 172.496
Synthesis current peak Virtual Memory [VSS] (MB): peak = 3527.590; parent = 2552.125; children = 975.465
---------------------------------------------------------------------------------
Netlist sorting complete. Time (s): cpu = 00:00:00.01 ; elapsed = 00:00:00.01 . Memory (MB): peak = 2558.059 ; gain = 0.000 ; free physical = 468 ; free virtual = 8467
INFO: [Project 1-570] Preparing netlist for logic optimization

Processing XDC Constraints
Initializing timing engine
Parsing XDC File [/home/jwrr/vitis/fpga-xilinx-vitis-2022.2-zybo_z7_20/zybo_z7_20/hardware/zybo_z7_20_2022_2-vivado/zybo_z7_20_2022_2-vivado.gen/sources_1/bd/zybo_z7_20_base_2022_2/ip/zybo_z7_20_base_2022_2_processing_system7_0_0/zybo_z7_20_base_2022_2_processing_system7_0_0.xdc] for cell 'inst'
Finished Parsing XDC File [/home/jwrr/vitis/fpga-xilinx-vitis-2022.2-zybo_z7_20/zybo_z7_20/hardware/zybo_z7_20_2022_2-vivado/zybo_z7_20_2022_2-vivado.gen/sources_1/bd/zybo_z7_20_base_2022_2/ip/zybo_z7_20_base_2022_2_processing_system7_0_0/zybo_z7_20_base_2022_2_processing_system7_0_0.xdc] for cell 'inst'
INFO: [Project 1-236] Implementation specific constraints were found while reading constraint file [/home/jwrr/vitis/fpga-xilinx-vitis-2022.2-zybo_z7_20/zybo_z7_20/hardware/zybo_z7_20_2022_2-vivado/zybo_z7_20_2022_2-vivado.gen/sources_1/bd/zybo_z7_20_base_2022_2/ip/zybo_z7_20_base_2022_2_processing_system7_0_0/zybo_z7_20_base_2022_2_processing_system7_0_0.xdc]. These constraints will be ignored for synthesis but will be used in implementation. Impacted constraints are listed in the file [.Xil/zybo_z7_20_base_2022_2_processing_system7_0_0_propImpl.xdc].
Resolution: To avoid this warning, move constraints listed in [.Xil/zybo_z7_20_base_2022_2_processing_system7_0_0_propImpl.xdc] to another XDC file and exclude this new file from synthesis with the used_in_synthesis property (File Properties dialog in GUI) and re-run elaboration/synthesis.
Parsing XDC File [/home/jwrr/vitis/fpga-xilinx-vitis-2022.2-zybo_z7_20/zybo_z7_20/hardware/zybo_z7_20_2022_2-vivado/zybo_z7_20_2022_2-vivado.runs/zybo_z7_20_base_2022_2_processing_system7_0_0_synth_1/dont_touch.xdc]
Finished Parsing XDC File [/home/jwrr/vitis/fpga-xilinx-vitis-2022.2-zybo_z7_20/zybo_z7_20/hardware/zybo_z7_20_2022_2-vivado/zybo_z7_20_2022_2-vivado.runs/zybo_z7_20_base_2022_2_processing_system7_0_0_synth_1/dont_touch.xdc]
Completed Processing XDC Constraints

Netlist sorting complete. Time (s): cpu = 00:00:00 ; elapsed = 00:00:00 . Memory (MB): peak = 2598.980 ; gain = 0.000 ; free physical = 343 ; free virtual = 8356
INFO: [Project 1-111] Unisim Transformation Summary:
No Unisim elements were transformed.

Constraint Validation Runtime : Time (s): cpu = 00:00:00.01 ; elapsed = 00:00:00.01 . Memory (MB): peak = 2598.980 ; gain = 0.000 ; free physical = 340 ; free virtual = 8353
INFO: [Designutils 20-5008] Incremental synthesis strategy off
INFO: [Synth 8-11241] undeclared symbol 'REGCCE', assumed default net type 'wire' [/tools/Xilinx/Vivado/2022.2/data/verilog/src/unimacro/BRAM_SINGLE_MACRO.v:2170]
---------------------------------------------------------------------------------
Finished Constraint Validation : Time (s): cpu = 00:00:13 ; elapsed = 00:00:16 . Memory (MB): peak = 2598.980 ; gain = 514.379 ; free physical = 415 ; free virtual = 8433
Synthesis current peak Physical Memory [PSS] (MB): peak = 1788.435; parent = 1616.376; children = 172.496
Synthesis current peak Virtual Memory [VSS] (MB): peak = 3574.449; parent = 2598.984; children = 975.465
---------------------------------------------------------------------------------
---------------------------------------------------------------------------------
Start Loading Part and Timing Information
---------------------------------------------------------------------------------
Loading part: xc7z020clg400-1
---------------------------------------------------------------------------------
Finished Loading Part and Timing Information : Time (s): cpu = 00:00:13 ; elapsed = 00:00:16 . Memory (MB): peak = 2598.980 ; gain = 514.379 ; free physical = 415 ; free virtual = 8433
Synthesis current peak Physical Memory [PSS] (MB): peak = 1788.435; parent = 1616.376; children = 172.496
Synthesis current peak Virtual Memory [VSS] (MB): peak = 3574.449; parent = 2598.984; children = 975.465
---------------------------------------------------------------------------------
---------------------------------------------------------------------------------
Start Applying 'set_property' XDC Constraints
---------------------------------------------------------------------------------
Applied set_property KEEP_HIERARCHY = SOFT for inst. (constraint file  /home/jwrr/vitis/fpga-xilinx-vitis-2022.2-zybo_z7_20/zybo_z7_20/hardware/zybo_z7_20_2022_2-vivado/zybo_z7_20_2022_2-vivado.runs/zybo_z7_20_base_2022_2_processing_system7_0_0_synth_1/dont_touch.xdc, line 9).
---------------------------------------------------------------------------------
Finished applying 'set_property' XDC Constraints : Time (s): cpu = 00:00:14 ; elapsed = 00:00:16 . Memory (MB): peak = 2598.980 ; gain = 514.379 ; free physical = 415 ; free virtual = 8433
Synthesis current peak Physical Memory [PSS] (MB): peak = 1788.435; parent = 1616.376; children = 172.496
Synthesis current peak Virtual Memory [VSS] (MB): peak = 3574.449; parent = 2598.984; children = 975.465
---------------------------------------------------------------------------------
---------------------------------------------------------------------------------
Finished RTL Optimization Phase 2 : Time (s): cpu = 00:00:14 ; elapsed = 00:00:17 . Memory (MB): peak = 2598.980 ; gain = 514.379 ; free physical = 394 ; free virtual = 8421
Synthesis current peak Physical Memory [PSS] (MB): peak = 1788.435; parent = 1616.376; children = 172.496
Synthesis current peak Virtual Memory [VSS] (MB): peak = 3574.449; parent = 2598.984; children = 975.465
---------------------------------------------------------------------------------
---------------------------------------------------------------------------------
Start RTL Component Statistics 
---------------------------------------------------------------------------------
Detailed RTL Component Info : 
---------------------------------------------------------------------------------
Finished RTL Component Statistics 
---------------------------------------------------------------------------------
---------------------------------------------------------------------------------
Start Part Resource Summary
---------------------------------------------------------------------------------
Part Resources:
DSPs: 220 (col length:60)
BRAMs: 280 (col length: RAMB18 60 RAMB36 30)
---------------------------------------------------------------------------------
Finished Part Resource Summary
---------------------------------------------------------------------------------
---------------------------------------------------------------------------------
Start Cross Boundary and Area Optimization
---------------------------------------------------------------------------------
WARNING: [Synth 8-7080] Parallel synthesis criteria is not met
WARNING: [Synth 8-7129] Port ENET0_GMII_COL in module processing_system7_v5_5_processing_system7 is either unconnected or has no load
WARNING: [Synth 8-7129] Port ENET0_GMII_CRS in module processing_system7_v5_5_processing_system7 is either unconnected or has no load
WARNING: [Synth 8-7129] Port ENET0_GMII_RX_DV in module processing_system7_v5_5_processing_system7 is either unconnected or has no load
WARNING: [Synth 8-7129] Port ENET0_GMII_RX_ER in module processing_system7_v5_5_processing_system7 is either unconnected or has no load
WARNING: [Synth 8-7129] Port ENET0_GMII_RXD[7] in module processing_system7_v5_5_processing_system7 is either unconnected or has no load
WARNING: [Synth 8-7129] Port ENET0_GMII_RXD[6] in module processing_system7_v5_5_processing_system7 is either unconnected or has no load
WARNING: [Synth 8-7129] Port ENET0_GMII_RXD[5] in module processing_system7_v5_5_processing_system7 is either unconnected or has no load
WARNING: [Synth 8-7129] Port ENET0_GMII_RXD[4] in module processing_system7_v5_5_processing_system7 is either unconnected or has no load
WARNING: [Synth 8-7129] Port ENET0_GMII_RXD[3] in module processing_system7_v5_5_processing_system7 is either unconnected or has no load
WARNING: [Synth 8-7129] Port ENET0_GMII_RXD[2] in module processing_system7_v5_5_processing_system7 is either unconnected or has no load
WARNING: [Synth 8-7129] Port ENET0_GMII_RXD[1] in module processing_system7_v5_5_processing_system7 is either unconnected or has no load
WARNING: [Synth 8-7129] Port ENET0_GMII_RXD[0] in module processing_system7_v5_5_processing_system7 is either unconnected or has no load
WARNING: [Synth 8-7129] Port ENET1_GMII_COL in module processing_system7_v5_5_processing_system7 is either unconnected or has no load
WARNING: [Synth 8-7129] Port ENET1_GMII_CRS in module processing_system7_v5_5_processing_system7 is either unconnected or has no load
WARNING: [Synth 8-7129] Port ENET1_GMII_RX_DV in module processing_system7_v5_5_processing_system7 is either unconnected or has no load
WARNING: [Synth 8-7129] Port ENET1_GMII_RX_ER in module processing_system7_v5_5_processing_system7 is either unconnected or has no load
WARNING: [Synth 8-7129] Port ENET1_GMII_RXD[7] in module processing_system7_v5_5_processing_system7 is either unconnected or has no load
WARNING: [Synth 8-7129] Port ENET1_GMII_RXD[6] in module processing_system7_v5_5_processing_system7 is either unconnected or has no load
WARNING: [Synth 8-7129] Port ENET1_GMII_RXD[5] in module processing_system7_v5_5_processing_system7 is either unconnected or has no load
WARNING: [Synth 8-7129] Port ENET1_GMII_RXD[4] in module processing_system7_v5_5_processing_system7 is either unconnected or has no load
WARNING: [Synth 8-7129] Port ENET1_GMII_RXD[3] in module processing_system7_v5_5_processing_system7 is either unconnected or has no load
INFO: [Common 17-14] Message 'Synth 8-7129' appears 100 times and further instances of the messages will be disabled. Use the Tcl command set_msg_config to change the current settings.
---------------------------------------------------------------------------------
Finished Cross Boundary and Area Optimization : Time (s): cpu = 00:00:15 ; elapsed = 00:00:18 . Memory (MB): peak = 2598.980 ; gain = 514.379 ; free physical = 375 ; free virtual = 8406
Synthesis current peak Physical Memory [PSS] (MB): peak = 1788.435; parent = 1616.376; children = 172.496
Synthesis current peak Virtual Memory [VSS] (MB): peak = 3574.449; parent = 2598.984; children = 975.465
---------------------------------------------------------------------------------
---------------------------------------------------------------------------------
Start Applying XDC Timing Constraints
---------------------------------------------------------------------------------
---------------------------------------------------------------------------------
Finished Applying XDC Timing Constraints : Time (s): cpu = 00:00:21 ; elapsed = 00:00:23 . Memory (MB): peak = 2687.980 ; gain = 603.379 ; free physical = 222 ; free virtual = 8077
Synthesis current peak Physical Memory [PSS] (MB): peak = 2001.778; parent = 1829.851; children = 172.496
Synthesis current peak Virtual Memory [VSS] (MB): peak = 3663.449; parent = 2687.984; children = 975.465
---------------------------------------------------------------------------------
---------------------------------------------------------------------------------
Start Timing Optimization
---------------------------------------------------------------------------------
---------------------------------------------------------------------------------
Finished Timing Optimization : Time (s): cpu = 00:00:21 ; elapsed = 00:00:24 . Memory (MB): peak = 2707.988 ; gain = 623.387 ; free physical = 195 ; free virtual = 8050
Synthesis current peak Physical Memory [PSS] (MB): peak = 2013.641; parent = 1841.713; children = 172.496
Synthesis current peak Virtual Memory [VSS] (MB): peak = 3683.457; parent = 2707.992; children = 975.465
---------------------------------------------------------------------------------
---------------------------------------------------------------------------------
Start Technology Mapping
---------------------------------------------------------------------------------
---------------------------------------------------------------------------------
Finished Technology Mapping : Time (s): cpu = 00:00:21 ; elapsed = 00:00:24 . Memory (MB): peak = 2724.004 ; gain = 639.402 ; free physical = 176 ; free virtual = 8030
Synthesis current peak Physical Memory [PSS] (MB): peak = 2013.898; parent = 1841.971; children = 172.496
Synthesis current peak Virtual Memory [VSS] (MB): peak = 3699.473; parent = 2724.008; children = 975.465
---------------------------------------------------------------------------------
---------------------------------------------------------------------------------
Start IO Insertion
---------------------------------------------------------------------------------
---------------------------------------------------------------------------------
Start Flattening Before IO Insertion
---------------------------------------------------------------------------------
---------------------------------------------------------------------------------
Finished Flattening Before IO Insertion
---------------------------------------------------------------------------------
---------------------------------------------------------------------------------
Start Final Netlist Cleanup
---------------------------------------------------------------------------------
---------------------------------------------------------------------------------
Finished Final Netlist Cleanup
---------------------------------------------------------------------------------
---------------------------------------------------------------------------------
Finished IO Insertion : Time (s): cpu = 00:00:25 ; elapsed = 00:00:27 . Memory (MB): peak = 2726.973 ; gain = 642.371 ; free physical = 441 ; free virtual = 8294
Synthesis current peak Physical Memory [PSS] (MB): peak = 2040.462; parent = 1855.691; children = 184.771
Synthesis current peak Virtual Memory [VSS] (MB): peak = 3702.441; parent = 2726.977; children = 975.465
---------------------------------------------------------------------------------
---------------------------------------------------------------------------------
Start Renaming Generated Instances
---------------------------------------------------------------------------------
---------------------------------------------------------------------------------
Finished Renaming Generated Instances : Time (s): cpu = 00:00:25 ; elapsed = 00:00:27 . Memory (MB): peak = 2726.973 ; gain = 642.371 ; free physical = 441 ; free virtual = 8294
Synthesis current peak Physical Memory [PSS] (MB): peak = 2040.478; parent = 1855.707; children = 184.771
Synthesis current peak Virtual Memory [VSS] (MB): peak = 3702.441; parent = 2726.977; children = 975.465
---------------------------------------------------------------------------------
---------------------------------------------------------------------------------
Start Rebuilding User Hierarchy
---------------------------------------------------------------------------------
---------------------------------------------------------------------------------
Finished Rebuilding User Hierarchy : Time (s): cpu = 00:00:25 ; elapsed = 00:00:28 . Memory (MB): peak = 2726.973 ; gain = 642.371 ; free physical = 441 ; free virtual = 8294
Synthesis current peak Physical Memory [PSS] (MB): peak = 2040.524; parent = 1855.754; children = 184.771
Synthesis current peak Virtual Memory [VSS] (MB): peak = 3702.441; parent = 2726.977; children = 975.465
---------------------------------------------------------------------------------
---------------------------------------------------------------------------------
Start Renaming Generated Ports
---------------------------------------------------------------------------------
---------------------------------------------------------------------------------
Finished Renaming Generated Ports : Time (s): cpu = 00:00:25 ; elapsed = 00:00:28 . Memory (MB): peak = 2726.973 ; gain = 642.371 ; free physical = 441 ; free virtual = 8294
Synthesis current peak Physical Memory [PSS] (MB): peak = 2040.524; parent = 1855.754; children = 184.771
Synthesis current peak Virtual Memory [VSS] (MB): peak = 3702.441; parent = 2726.977; children = 975.465
---------------------------------------------------------------------------------
---------------------------------------------------------------------------------
Start Handling Custom Attributes
---------------------------------------------------------------------------------
---------------------------------------------------------------------------------
Finished Handling Custom Attributes : Time (s): cpu = 00:00:25 ; elapsed = 00:00:28 . Memory (MB): peak = 2726.973 ; gain = 642.371 ; free physical = 441 ; free virtual = 8294
Synthesis current peak Physical Memory [PSS] (MB): peak = 2040.540; parent = 1855.770; children = 184.771
Synthesis current peak Virtual Memory [VSS] (MB): peak = 3702.441; parent = 2726.977; children = 975.465
---------------------------------------------------------------------------------
---------------------------------------------------------------------------------
Start Renaming Generated Nets
---------------------------------------------------------------------------------
---------------------------------------------------------------------------------
Finished Renaming Generated Nets : Time (s): cpu = 00:00:25 ; elapsed = 00:00:28 . Memory (MB): peak = 2726.973 ; gain = 642.371 ; free physical = 441 ; free virtual = 8294
Synthesis current peak Physical Memory [PSS] (MB): peak = 2040.571; parent = 1855.801; children = 184.771
Synthesis current peak Virtual Memory [VSS] (MB): peak = 3702.441; parent = 2726.977; children = 975.465
---------------------------------------------------------------------------------
---------------------------------------------------------------------------------
Start Writing Synthesis Report
---------------------------------------------------------------------------------

Report BlackBoxes: 
+-+--------------+----------+
| |BlackBox name |Instances |
+-+--------------+----------+
+-+--------------+----------+

Report Cell Usage: 
+------+------+------+
|      |Cell  |Count |
+------+------+------+
|1     |BIBUF |   130|
|2     |BUFG  |     1|
|3     |LUT1  |    24|
|4     |PS7   |     1|
+------+------+------+
---------------------------------------------------------------------------------
Finished Writing Synthesis Report : Time (s): cpu = 00:00:25 ; elapsed = 00:00:28 . Memory (MB): peak = 2726.973 ; gain = 642.371 ; free physical = 441 ; free virtual = 8294
Synthesis current peak Physical Memory [PSS] (MB): peak = 2040.571; parent = 1855.801; children = 184.771
Synthesis current peak Virtual Memory [VSS] (MB): peak = 3702.441; parent = 2726.977; children = 975.465
---------------------------------------------------------------------------------
Synthesis finished with 0 errors, 0 critical warnings and 80 warnings.
Synthesis Optimization Runtime : Time (s): cpu = 00:00:22 ; elapsed = 00:00:25 . Memory (MB): peak = 2726.973 ; gain = 595.512 ; free physical = 501 ; free virtual = 8353
Synthesis Optimization Complete : Time (s): cpu = 00:00:25 ; elapsed = 00:00:28 . Memory (MB): peak = 2726.980 ; gain = 642.371 ; free physical = 501 ; free virtual = 8353
INFO: [Project 1-571] Translating synthesized netlist
Netlist sorting complete. Time (s): cpu = 00:00:00.01 ; elapsed = 00:00:00.01 . Memory (MB): peak = 2726.980 ; gain = 0.000 ; free physical = 504 ; free virtual = 8356
INFO: [Project 1-570] Preparing netlist for logic optimization
INFO: [Opt 31-138] Pushed 0 inverter(s) to 0 load pin(s).
Netlist sorting complete. Time (s): cpu = 00:00:00 ; elapsed = 00:00:00 . Memory (MB): peak = 2742.816 ; gain = 0.000 ; free physical = 563 ; free virtual = 8416
INFO: [Project 1-111] Unisim Transformation Summary:
No Unisim elements were transformed.

Synth Design complete, checksum: cf1cdfe5
INFO: [Common 17-83] Releasing license: Synthesis
27 Infos, 115 Warnings, 0 Critical Warnings and 0 Errors encountered.
synth_design completed successfully
synth_design: Time (s): cpu = 00:00:33 ; elapsed = 00:00:33 . Memory (MB): peak = 2742.816 ; gain = 991.777 ; free physical = 902 ; free virtual = 8754
INFO: [Common 17-1381] The checkpoint '/home/jwrr/vitis/fpga-xilinx-vitis-2022.2-zybo_z7_20/zybo_z7_20/hardware/zybo_z7_20_2022_2-vivado/zybo_z7_20_2022_2-vivado.runs/zybo_z7_20_base_2022_2_processing_system7_0_0_synth_1/zybo_z7_20_base_2022_2_processing_system7_0_0.dcp' has been generated.
INFO: [runtcl-4] Executing : report_utilization -file zybo_z7_20_base_2022_2_processing_system7_0_0_utilization_synth.rpt -pb zybo_z7_20_base_2022_2_processing_system7_0_0_utilization_synth.pb
INFO: [Common 17-206] Exiting Vivado at Sun Jan 22 00:59:09 2023...
